<?xml version="1.0" encoding="UTF-8"?>
<!-- Generated by org.testng.reporters.JUnitXMLReporter -->
<testsuite ignored="0" hostname="DESKTOP-86KO28I" failures="0" tests="10" name="Default test" time="9.81" errors="0" timestamp="17 May 2024 07:14:17 GMT">
  <testcase classname="testproject.opendriver" name="@BeforeTest statmethod" time="0.0">
    <failure type="org.openqa.selenium.SessionNotCreatedException" message="session not created: This version of ChromeDriver only supports Chrome version 114
Current browser version is 124.0.6367.208 with binary path C:\Program Files\Google\Chrome\Application\chrome.exe
Build info: version: &amp;apos;3.14.0&amp;apos;, revision: &amp;apos;aacccce0&amp;apos;, time: &amp;apos;2018-08-02T20:19:58.91Z&amp;apos;
System info: host: &amp;apos;DESKTOP-86KO28I&amp;apos;, ip: &amp;apos;192.168.0.36&amp;apos;, os.name: &amp;apos;Windows 10&amp;apos;, os.arch: &amp;apos;amd64&amp;apos;, os.version: &amp;apos;10.0&amp;apos;, java.version: &amp;apos;17.0.10&amp;apos;
Driver info: driver.version: ChromeDriver
remote stacktrace: Backtrace:
	GetHandleVerifier [0x0064A813+48355]
	(No symbol) [0x005DC4B1]
	(No symbol) [0x004E5358]
	(No symbol) [0x005061AC]
	(No symbol) [0x00501EF3]
	(No symbol) [0x00500579]
	(No symbol) [0x00530C55]
	(No symbol) [0x0053093C]
	(No symbol) [0x0052A536]
	(No symbol) [0x005082DC]
	(No symbol) [0x005093DD]
	GetHandleVerifier [0x008AAABD+2539405]
	GetHandleVerifier [0x008EA78F+2800735]
	GetHandleVerifier [0x008E456C+2775612]
	GetHandleVerifier [0x006D51E0+616112]
	(No symbol) [0x005E5F8C]
	(No symbol) [0x005E2328]
	(No symbol) [0x005E240B]
	(No symbol) [0x005D4FF7]
	BaseThreadInitThunk [0x7631FCC9+25]
	RtlGetAppContainerNamedObjectPath [0x77C47CBE+286]
	RtlGetAppContainerNamedObjectPath [0x77C47C8E+238]
">
      <![CDATA[org.openqa.selenium.SessionNotCreatedException: session not created: This version of ChromeDriver only supports Chrome version 114
Current browser version is 124.0.6367.208 with binary path C:\Program Files\Google\Chrome\Application\chrome.exe
Build info: version: '3.14.0', revision: 'aacccce0', time: '2018-08-02T20:19:58.91Z'
System info: host: 'DESKTOP-86KO28I', ip: '192.168.0.36', os.name: 'Windows 10', os.arch: 'amd64', os.version: '10.0', java.version: '17.0.10'
Driver info: driver.version: ChromeDriver
remote stacktrace: Backtrace:
	GetHandleVerifier [0x0064A813+48355]
	(No symbol) [0x005DC4B1]
	(No symbol) [0x004E5358]
	(No symbol) [0x005061AC]
	(No symbol) [0x00501EF3]
	(No symbol) [0x00500579]
	(No symbol) [0x00530C55]
	(No symbol) [0x0053093C]
	(No symbol) [0x0052A536]
	(No symbol) [0x005082DC]
	(No symbol) [0x005093DD]
	GetHandleVerifier [0x008AAABD+2539405]
	GetHandleVerifier [0x008EA78F+2800735]
	GetHandleVerifier [0x008E456C+2775612]
	GetHandleVerifier [0x006D51E0+616112]
	(No symbol) [0x005E5F8C]
	(No symbol) [0x005E2328]
	(No symbol) [0x005E240B]
	(No symbol) [0x005D4FF7]
	BaseThreadInitThunk [0x7631FCC9+25]
	RtlGetAppContainerNamedObjectPath [0x77C47CBE+286]
	RtlGetAppContainerNamedObjectPath [0x77C47C8E+238]

	at java.base/jdk.internal.reflect.NativeConstructorAccessorImpl.newInstance0(Native Method)
	at java.base/jdk.internal.reflect.NativeConstructorAccessorImpl.newInstance(NativeConstructorAccessorImpl.java:77)
	at java.base/jdk.internal.reflect.DelegatingConstructorAccessorImpl.newInstance(DelegatingConstructorAccessorImpl.java:45)
	at java.base/java.lang.reflect.Constructor.newInstanceWithCaller(Constructor.java:499)
	at java.base/java.lang.reflect.Constructor.newInstance(Constructor.java:480)
	at org.openqa.selenium.remote.W3CHandshakeResponse.lambda$new$0(W3CHandshakeResponse.java:57)
	at org.openqa.selenium.remote.W3CHandshakeResponse.lambda$getResponseFunction$2(W3CHandshakeResponse.java:104)
	at org.openqa.selenium.remote.ProtocolHandshake.lambda$createSession$0(ProtocolHandshake.java:122)
	at java.base/java.util.stream.ReferencePipeline$3$1.accept(ReferencePipeline.java:197)
	at java.base/java.util.Spliterators$ArraySpliterator.tryAdvance(Spliterators.java:1002)
	at java.base/java.util.stream.ReferencePipeline.forEachWithCancel(ReferencePipeline.java:129)
	at java.base/java.util.stream.AbstractPipeline.copyIntoWithCancel(AbstractPipeline.java:527)
	at java.base/java.util.stream.AbstractPipeline.copyInto(AbstractPipeline.java:513)
	at java.base/java.util.stream.AbstractPipeline.wrapAndCopyInto(AbstractPipeline.java:499)
	at java.base/java.util.stream.FindOps$FindOp.evaluateSequential(FindOps.java:150)
	at java.base/java.util.stream.AbstractPipeline.evaluate(AbstractPipeline.java:234)
	at java.base/java.util.stream.ReferencePipeline.findFirst(ReferencePipeline.java:647)
	at org.openqa.selenium.remote.ProtocolHandshake.createSession(ProtocolHandshake.java:125)
	at org.openqa.selenium.remote.ProtocolHandshake.createSession(ProtocolHandshake.java:73)
	at org.openqa.selenium.remote.HttpCommandExecutor.execute(HttpCommandExecutor.java:136)
	at org.openqa.selenium.remote.service.DriverCommandExecutor.execute(DriverCommandExecutor.java:83)
	at org.openqa.selenium.remote.RemoteWebDriver.execute(RemoteWebDriver.java:548)
	at org.openqa.selenium.remote.RemoteWebDriver.startSession(RemoteWebDriver.java:212)
	at org.openqa.selenium.remote.RemoteWebDriver.<init>(RemoteWebDriver.java:130)
	at org.openqa.selenium.chrome.ChromeDriver.<init>(ChromeDriver.java:181)
	at org.openqa.selenium.chrome.ChromeDriver.<init>(ChromeDriver.java:168)
	at org.openqa.selenium.chrome.ChromeDriver.<init>(ChromeDriver.java:123)
	at testproject.opendriver.statmethod(opendriver.java:26)
	at java.base/jdk.internal.reflect.NativeMethodAccessorImpl.invoke0(Native Method)
	at java.base/jdk.internal.reflect.NativeMethodAccessorImpl.invoke(NativeMethodAccessorImpl.java:77)
	at java.base/jdk.internal.reflect.DelegatingMethodAccessorImpl.invoke(DelegatingMethodAccessorImpl.java:43)
	at java.base/java.lang.reflect.Method.invoke(Method.java:568)
	at org.testng.internal.MethodInvocationHelper.invokeMethod(MethodInvocationHelper.java:104)
	at org.testng.internal.Invoker.invokeConfigurationMethod(Invoker.java:515)
	at org.testng.internal.Invoker.invokeConfigurations(Invoker.java:217)
	at org.testng.internal.Invoker.invokeConfigurations(Invoker.java:144)
	at org.testng.TestRunner.beforeRun(TestRunner.java:634)
	at org.testng.TestRunner.run(TestRunner.java:602)
	at org.testng.SuiteRunner.runTest(SuiteRunner.java:387)
	at org.testng.SuiteRunner.runSequentially(SuiteRunner.java:382)
	at org.testng.SuiteRunner.privateRun(SuiteRunner.java:340)
	at org.testng.SuiteRunner.run(SuiteRunner.java:289)
	at org.testng.SuiteRunnerWorker.runSuite(SuiteRunnerWorker.java:52)
	at org.testng.SuiteRunnerWorker.run(SuiteRunnerWorker.java:86)
	at org.testng.TestNG.runSuitesSequentially(TestNG.java:1293)
	at org.testng.TestNG.runSuitesLocally(TestNG.java:1218)
	at org.testng.TestNG.runSuites(TestNG.java:1133)
	at org.testng.TestNG.run(TestNG.java:1104)
	at org.testng.remote.AbstractRemoteTestNG.run(AbstractRemoteTestNG.java:115)
	at org.testng.remote.RemoteTestNG.initAndRun(RemoteTestNG.java:293)
	at org.testng.remote.RemoteTestNG.main(RemoteTestNG.java:91)
]]>
    </failure>
  </testcase> <!-- @BeforeTest statmethod -->
  <testcase classname="testproject.opendriver" name="@AfterTest teardown" time="0.0">
    <skipped/>
  </testcase> <!-- @AfterTest teardown -->
  <testcase classname="testproject.opendriver" name="loginSauceDemo" time="0.002">
    <skipped/>
  </testcase> <!-- loginSauceDemo -->
  <testcase classname="testproject.opendriver" name="slectname" time="0.002">
    <skipped/>
  </testcase> <!-- slectname -->
  <testcase classname="testproject.opendriver" name="selectproduct" time="0.004">
    <skipped/>
  </testcase> <!-- selectproduct -->
  <testcase classname="testproject.opendriver" name="addcart" time="0.009">
    <skipped/>
  </testcase> <!-- addcart -->
  <testcase classname="testproject.opendriver" name="cart" time="0.003">
    <skipped/>
  </testcase> <!-- cart -->
  <testcase classname="testproject.opendriver" name="details" time="0.005">
    <skipped/>
  </testcase> <!-- details -->
  <testcase classname="testproject.opendriver" name="finish" time="0.006">
    <skipped/>
  </testcase> <!-- finish -->
  <testcase classname="testproject.opendriver" name="home" time="0.008">
    <skipped/>
  </testcase> <!-- home -->
  <testcase classname="testproject.opendriver" name="menu" time="0.006">
    <skipped/>
  </testcase> <!-- menu -->
  <testcase classname="testproject.opendriver" name="logout" time="0.003">
    <skipped/>
  </testcase> <!-- logout -->
</testsuite> <!-- Default test -->
